<?xml version="1.0" encoding="UTF-8"?>
<!-- Generated by org.testng.reporters.JUnitReportReporter -->
<testsuite hostname="DESKTOP-8K5L6MP" failures="0" tests="1" name="Basic.OrganizationTest" time="9.519" errors="0" timestamp="2024-03-18T17:59:33 IST" skipped="0">
  <testcase classname="Basic.OrganizationTest" name="CreateOrganizationTest" time="9.519"/>
  <system-out/>
</testsuite> <!-- Basic.OrganizationTest -->
